<?xml version="1.0" encoding="UTF-8"?>
<coverage generated="1538060453734" clover="3.2.0">
  <project timestamp="1538060453734" name="All files">
    <metrics statements="7" coveredstatements="6" conditionals="2" coveredconditionals="2" methods="6" coveredmethods="5" elements="15" coveredelements="13" complexity="0" loc="7" ncloc="7" packages="1" files="2" classes="2">
      <file name="calculator.js" path="/Users/kuer/Documents/GitHub/CMOS_4156_ASE_Jest/src/calculator.js">
        <metrics statements="6" coveredstatements="5" conditionals="2" coveredconditionals="2" methods="4" coveredmethods="3"/>
        <line num="6" count="2" type="stmt"/>
        <line num="11" count="1" type="stmt"/>
        <line num="16" count="0" type="stmt"/>
        <line num="22" count="8" type="cond" truecount="2" falsecount="0"/>
        <line num="23" count="3" type="stmt"/>
        <line num="25" count="5" type="stmt"/>
      </file>
      <file name="users.js" path="/Users/kuer/Documents/GitHub/CMOS_4156_ASE_Jest/src/users.js">
        <metrics statements="1" coveredstatements="1" conditionals="0" coveredconditionals="0" methods="2" coveredmethods="2"/>
        <line num="11" count="1" type="stmt"/>
      </file>
    </metrics>
  </project>
</coverage>
