{"/Users/kuer/Documents/GitHub/CMOS_4156_ASE_Jest/src/calculator.js": {"path":"/Users/kuer/Documents/GitHub/CMOS_4156_ASE_Jest/src/calculator.js","statementMap":{"0":{"start":{"line":6,"column":4},"end":{"line":6,"column":15}},"1":{"start":{"line":11,"column":4},"end":{"line":11,"column":15}},"2":{"start":{"line":16,"column":4},"end":{"line":16,"column":15}},"3":{"start":{"line":22,"column":4},"end":{"line":26,"column":5}},"4":{"start":{"line":23,"column":6},"end":{"line":23,"column":15}},"5":{"start":{"line":25,"column":6},"end":{"line":25,"column":17}}},"fnMap":{"0":{"name":"(anonymous_0)","decl":{"start":{"line":5,"column":2},"end":{"line":5,"column":3}},"loc":{"start":{"line":5,"column":11},"end":{"line":7,"column":3}},"line":5},"1":{"name":"(anonymous_1)","decl":{"start":{"line":10,"column":2},"end":{"line":10,"column":3}},"loc":{"start":{"line":10,"column":19},"end":{"line":12,"column":3}},"line":10},"2":{"name":"(anonymous_2)","decl":{"start":{"line":15,"column":2},"end":{"line":15,"column":3}},"loc":{"start":{"line":15,"column":16},"end":{"line":17,"column":3}},"line":15},"3":{"name":"(anonymous_3)","decl":{"start":{"line":21,"column":2},"end":{"line":21,"column":3}},"loc":{"start":{"line":21,"column":16},"end":{"line":27,"column":3}},"line":21}},"branchMap":{"0":{"loc":{"start":{"line":22,"column":4},"end":{"line":26,"column":5}},"type":"if","locations":[{"start":{"line":22,"column":4},"end":{"line":26,"column":5}},{"start":{"line":22,"column":4},"end":{"line":26,"column":5}}],"line":22}},"s":{"0":2,"1":1,"2":0,"3":8,"4":3,"5":5},"f":{"0":2,"1":1,"2":0,"3":8},"b":{"0":[3,5]},"_coverageSchema":"332fd63041d2c1bcb487cc26dd0d5f7d97098a6c","hash":"ab0b4eaf38c001a521db9017cd48568a09a30092"}
,"/Users/kuer/Documents/GitHub/CMOS_4156_ASE_Jest/src/users.js": {"path":"/Users/kuer/Documents/GitHub/CMOS_4156_ASE_Jest/src/users.js","statementMap":{"0":{"start":{"line":11,"column":4},"end":{"line":11,"column":60}},"1":{"start":{"line":11,"column":49},"end":{"line":11,"column":58}}},"fnMap":{"0":{"name":"(anonymous_0)","decl":{"start":{"line":10,"column":2},"end":{"line":10,"column":3}},"loc":{"start":{"line":10,"column":15},"end":{"line":12,"column":3}},"line":10},"1":{"name":"(anonymous_1)","decl":{"start":{"line":11,"column":41},"end":{"line":11,"column":42}},"loc":{"start":{"line":11,"column":49},"end":{"line":11,"column":58}},"line":11}},"branchMap":{},"s":{"0":1,"1":1},"f":{"0":1,"1":1},"b":{},"_coverageSchema":"332fd63041d2c1bcb487cc26dd0d5f7d97098a6c","hash":"22e4dbd2e0a213528abff206defb74f6c1ac60dc"}
}
