TN:
SF:/Users/kuer/Documents/GitHub/CMOS_4156_ASE_Jest/src/calculator.js
FN:5,(anonymous_0)
FN:10,(anonymous_1)
FN:15,(anonymous_2)
FN:21,(anonymous_3)
FNF:4
FNH:3
FNDA:2,(anonymous_0)
FNDA:1,(anonymous_1)
FNDA:0,(anonymous_2)
FNDA:8,(anonymous_3)
DA:6,2
DA:11,1
DA:16,0
DA:22,8
DA:23,3
DA:25,5
LF:6
LH:5
BRDA:22,0,0,3
BRDA:22,0,1,5
BRF:2
BRH:2
end_of_record
TN:
SF:/Users/kuer/Documents/GitHub/CMOS_4156_ASE_Jest/src/users.js
FN:10,(anonymous_0)
FN:11,(anonymous_1)
FNF:2
FNH:2
FNDA:1,(anonymous_0)
FNDA:1,(anonymous_1)
DA:11,1
LF:1
LH:1
BRF:0
BRH:0
end_of_record
